    25>D:\projects\misis2024f-check\misis2024f-24-03-kuznetsov-m-m\prj.lab\complex\complex.cpp(32,1): warning C4172: возвращение адреса локальной или временной переменной : result [D:\projects\misis2024f-check\misis2024f-24-03-kuznetsov-m-m\build.check\prj.lab\complex\complex.vcxproj]
    25>D:\projects\misis2024f-check\misis2024f-24-03-kuznetsov-m-m\prj.lab\complex\complex.cpp(38,1): warning C4172: возвращение адреса локальной или временной переменной : result [D:\projects\misis2024f-check\misis2024f-24-03-kuznetsov-m-m\build.check\prj.lab\complex\complex.vcxproj]
    25>D:\projects\misis2024f-check\misis2024f-24-03-kuznetsov-m-m\prj.lab\complex\complex.cpp(44,1): warning C4172: возвращение адреса локальной или временной переменной : result [D:\projects\misis2024f-check\misis2024f-24-03-kuznetsov-m-m\build.check\prj.lab\complex\complex.vcxproj]
    25>D:\projects\misis2024f-check\misis2024f-24-03-kuznetsov-m-m\prj.lab\complex\complex.cpp(60,1): warning C4172: возвращение адреса локальной или временной переменной : result [D:\projects\misis2024f-check\misis2024f-24-03-kuznetsov-m-m\build.check\prj.lab\complex\complex.vcxproj]
    25>D:\projects\misis2024f-check\misis2024f-24-03-kuznetsov-m-m\prj.lab\complex\complex.cpp(66,1): warning C4172: возвращение адреса локальной или временной переменной : result [D:\projects\misis2024f-check\misis2024f-24-03-kuznetsov-m-m\build.check\prj.lab\complex\complex.vcxproj]
    25>D:\projects\misis2024f-check\misis2024f-24-03-kuznetsov-m-m\prj.lab\complex\complex.cpp(90,1): warning C4172: возвращение адреса локальной или временной переменной : result [D:\projects\misis2024f-check\misis2024f-24-03-kuznetsov-m-m\build.check\prj.lab\complex\complex.vcxproj]
    25>D:\projects\misis2024f-check\misis2024f-24-03-kuznetsov-m-m\prj.lab\complex\complex.cpp(94,1): warning C4172: возвращение адреса локальной или временной переменной : result [D:\projects\misis2024f-check\misis2024f-24-03-kuznetsov-m-m\build.check\prj.lab\complex\complex.vcxproj]
    25>D:\projects\misis2024f-check\misis2024f-24-03-kuznetsov-m-m\prj.lab\complex\complex.cpp(107,1): warning C4172: возвращение адреса локальной или временной переменной : result [D:\projects\misis2024f-check\misis2024f-24-03-kuznetsov-m-m\build.check\prj.lab\complex\complex.vcxproj]
    25>D:\projects\misis2024f-check\misis2024f-24-03-kuznetsov-m-m\prj.lab\complex\complex.cpp(50,1): warning C4172: возвращение адреса локальной или временной переменной  [D:\projects\misis2024f-check\misis2024f-24-03-kuznetsov-m-m\build.check\prj.lab\complex\complex.vcxproj]
    25>D:\projects\misis2024f-check\misis2024f-24-03-kuznetsov-m-m\prj.lab\complex\complex.cpp(128,1): warning C4172: возвращение адреса локальной или временной переменной : result [D:\projects\misis2024f-check\misis2024f-24-03-kuznetsov-m-m\build.check\prj.lab\complex\complex.vcxproj]
    25>D:\projects\misis2024f-check\misis2024f-24-03-kuznetsov-m-m\prj.lab\complex\complex.cpp(81,1): warning C4172: возвращение адреса локальной или временной переменной : result [D:\projects\misis2024f-check\misis2024f-24-03-kuznetsov-m-m\build.check\prj.lab\complex\complex.vcxproj]
    25>D:\projects\misis2024f-check\misis2024f-24-03-kuznetsov-m-m\prj.lab\complex\complex.cpp(131,1): warning C4172: возвращение адреса локальной или временной переменной : result [D:\projects\misis2024f-check\misis2024f-24-03-kuznetsov-m-m\build.check\prj.lab\complex\complex.vcxproj]
    25>D:\projects\misis2024f-check\misis2024f-24-03-kuznetsov-m-m\prj.lab\complex\complex.cpp(138,1): warning C4172: возвращение адреса локальной или временной переменной : result [D:\projects\misis2024f-check\misis2024f-24-03-kuznetsov-m-m\build.check\prj.lab\complex\complex.vcxproj]
    25>D:\projects\misis2024f-check\misis2024f-24-03-kuznetsov-m-m\prj.lab\complex\complex.cpp(110,1): warning C4172: возвращение адреса локальной или временной переменной  [D:\projects\misis2024f-check\misis2024f-24-03-kuznetsov-m-m\build.check\prj.lab\complex\complex.vcxproj]
    25>D:\projects\misis2024f-check\misis2024f-24-03-kuznetsov-m-m\prj.lab\complex\complex.cpp(135,1): warning C4172: возвращение адреса локальной или временной переменной : result [D:\projects\misis2024f-check\misis2024f-24-03-kuznetsov-m-m\build.check\prj.lab\complex\complex.vcxproj]
    30>D:\projects\misis2024f-check\misis2024f-24-03-kuznetsov-m-m\prj.lab\rational\rational.cpp(86,1): warning C4172: возвращение адреса локальной или временной переменной  [D:\projects\misis2024f-check\misis2024f-24-03-kuznetsov-m-m\build.check\prj.lab\rational\rational.vcxproj]
    30>D:\projects\misis2024f-check\misis2024f-24-03-kuznetsov-m-m\prj.lab\rational\rational.cpp(79,1): warning C4172: возвращение адреса локальной или временной переменной  [D:\projects\misis2024f-check\misis2024f-24-03-kuznetsov-m-m\build.check\prj.lab\rational\rational.vcxproj]
    30>D:\projects\misis2024f-check\misis2024f-24-03-kuznetsov-m-m\prj.lab\rational\rational.cpp(66,1): warning C4172: возвращение адреса локальной или временной переменной  [D:\projects\misis2024f-check\misis2024f-24-03-kuznetsov-m-m\build.check\prj.lab\rational\rational.vcxproj]
    30>D:\projects\misis2024f-check\misis2024f-24-03-kuznetsov-m-m\prj.lab\rational\rational.cpp(73,1): warning C4172: возвращение адреса локальной или временной переменной  [D:\projects\misis2024f-check\misis2024f-24-03-kuznetsov-m-m\build.check\prj.lab\rational\rational.vcxproj]
    30>D:\projects\misis2024f-check\misis2024f-24-03-kuznetsov-m-m\prj.lab\rational\rational.cpp(60,1): warning C4172: возвращение адреса локальной или временной переменной  [D:\projects\misis2024f-check\misis2024f-24-03-kuznetsov-m-m\build.check\prj.lab\rational\rational.vcxproj]
    30>D:\projects\misis2024f-check\misis2024f-24-03-kuznetsov-m-m\prj.lab\rational\rational.cpp(92,1): warning C4172: возвращение адреса локальной или временной переменной  [D:\projects\misis2024f-check\misis2024f-24-03-kuznetsov-m-m\build.check\prj.lab\rational\rational.vcxproj]
    30>D:\projects\misis2024f-check\misis2024f-24-03-kuznetsov-m-m\prj.lab\rational\rational.cpp(104,1): warning C4172: возвращение адреса локальной или временной переменной  [D:\projects\misis2024f-check\misis2024f-24-03-kuznetsov-m-m\build.check\prj.lab\rational\rational.vcxproj]
    30>D:\projects\misis2024f-check\misis2024f-24-03-kuznetsov-m-m\prj.lab\rational\rational.cpp(98,1): warning C4172: возвращение адреса локальной или временной переменной  [D:\projects\misis2024f-check\misis2024f-24-03-kuznetsov-m-m\build.check\prj.lab\rational\rational.vcxproj]
    30>D:\projects\misis2024f-check\misis2024f-24-03-kuznetsov-m-m\prj.lab\rational\rational.cpp(147,1): warning C4172: возвращение адреса локальной или временной переменной  [D:\projects\misis2024f-check\misis2024f-24-03-kuznetsov-m-m\build.check\prj.lab\rational\rational.vcxproj]
    30>D:\projects\misis2024f-check\misis2024f-24-03-kuznetsov-m-m\prj.lab\rational\rational.cpp(131,1): warning C4172: возвращение адреса локальной или временной переменной  [D:\projects\misis2024f-check\misis2024f-24-03-kuznetsov-m-m\build.check\prj.lab\rational\rational.vcxproj]
    30>D:\projects\misis2024f-check\misis2024f-24-03-kuznetsov-m-m\prj.lab\rational\rational.cpp(111,1): warning C4172: возвращение адреса локальной или временной переменной  [D:\projects\misis2024f-check\misis2024f-24-03-kuznetsov-m-m\build.check\prj.lab\rational\rational.vcxproj]
    30>D:\projects\misis2024f-check\misis2024f-24-03-kuznetsov-m-m\prj.lab\rational\rational.cpp(127,1): warning C4172: возвращение адреса локальной или временной переменной  [D:\projects\misis2024f-check\misis2024f-24-03-kuznetsov-m-m\build.check\prj.lab\rational\rational.vcxproj]
    30>D:\projects\misis2024f-check\misis2024f-24-03-kuznetsov-m-m\prj.lab\rational\rational.cpp(108,1): warning C4172: возвращение адреса локальной или временной переменной  [D:\projects\misis2024f-check\misis2024f-24-03-kuznetsov-m-m\build.check\prj.lab\rational\rational.vcxproj]
    30>D:\projects\misis2024f-check\misis2024f-24-03-kuznetsov-m-m\prj.lab\rational\rational.cpp(150,1): warning C4172: возвращение адреса локальной или временной переменной  [D:\projects\misis2024f-check\misis2024f-24-03-kuznetsov-m-m\build.check\prj.lab\rational\rational.vcxproj]
    30>D:\projects\misis2024f-check\misis2024f-24-03-kuznetsov-m-m\prj.lab\rational\rational.cpp(154,1): warning C4172: возвращение адреса локальной или временной переменной  [D:\projects\misis2024f-check\misis2024f-24-03-kuznetsov-m-m\build.check\prj.lab\rational\rational.vcxproj]
    30>D:\projects\misis2024f-check\misis2024f-24-03-kuznetsov-m-m\prj.lab\rational\rational.cpp(157,1): warning C4172: возвращение адреса локальной или временной переменной  [D:\projects\misis2024f-check\misis2024f-24-03-kuznetsov-m-m\build.check\prj.lab\rational\rational.vcxproj]
    29>D:\projects\misis2024f-check\misis2024f-24-03-kuznetsov-m-m\prj.check\prj.check\doctest_complex\doctest_complex_io.cpp(49,24): warning C4456: объявление "istrm" скрывает предыдущее локальное объявление [D:\projects\misis2024f-check\misis2024f-24-03-kuznetsov-m-m\build.check\prj.check\prj.check\doctest_complex\doctest_complex_io.vcxproj]
    29>D:\projects\misis2024f-check\misis2024f-24-03-kuznetsov-m-m\prj.check\prj.check\doctest_complex\doctest_complex_io.cpp(50,13): warning C4456: объявление "z" скрывает предыдущее локальное объявление [D:\projects\misis2024f-check\misis2024f-24-03-kuznetsov-m-m\build.check\prj.check\prj.check\doctest_complex\doctest_complex_io.vcxproj]
    29>D:\projects\misis2024f-check\misis2024f-24-03-kuznetsov-m-m\prj.check\prj.check\doctest_complex\doctest_complex_io.cpp(56,24): warning C4456: объявление "istrm" скрывает предыдущее локальное объявление [D:\projects\misis2024f-check\misis2024f-24-03-kuznetsov-m-m\build.check\prj.check\prj.check\doctest_complex\doctest_complex_io.vcxproj]
    29>D:\projects\misis2024f-check\misis2024f-24-03-kuznetsov-m-m\prj.check\prj.check\doctest_complex\doctest_complex_io.cpp(57,13): warning C4456: объявление "z" скрывает предыдущее локальное объявление [D:\projects\misis2024f-check\misis2024f-24-03-kuznetsov-m-m\build.check\prj.check\prj.check\doctest_complex\doctest_complex_io.vcxproj]
