CMake Warning (dev) at prj.codeforces/CMakeLists.txt:19:
  Syntax Warning in cmake code at column 83

  Argument not separated from preceding token by whitespace.
This warning is for project developers.  Use -Wno-dev to suppress it.

CMake Error at D:/programs/vcpkg/scripts/buildsystems/vcpkg.cmake:598 (_add_executable):
  Cannot find source file:

    4A.cpp
Call Stack (most recent call first):
  prj.codeforces/CMakeLists.txt:3 (add_executable)


CMake Error at D:/programs/vcpkg/scripts/buildsystems/vcpkg.cmake:598 (_add_executable):
  Cannot find source file:

    50A.cpp
Call Stack (most recent call first):
  prj.codeforces/CMakeLists.txt:4 (add_executable)


CMake Error at D:/programs/vcpkg/scripts/buildsystems/vcpkg.cmake:598 (_add_executable):
  Cannot find source file:

    158A.cpp
Call Stack (most recent call first):
  prj.codeforces/CMakeLists.txt:5 (add_executable)


CMake Error at D:/programs/vcpkg/scripts/buildsystems/vcpkg.cmake:598 (_add_executable):
  Cannot find source file:

    231A.cpp
Call Stack (most recent call first):
  prj.codeforces/CMakeLists.txt:6 (add_executable)


CMake Error at D:/programs/vcpkg/scripts/buildsystems/vcpkg.cmake:598 (_add_executable):
  Cannot find source file:

    263A.cpp
Call Stack (most recent call first):
  prj.codeforces/CMakeLists.txt:7 (add_executable)


CMake Error at D:/programs/vcpkg/scripts/buildsystems/vcpkg.cmake:598 (_add_executable):
  Cannot find source file:

    266A.cpp
Call Stack (most recent call first):
  prj.codeforces/CMakeLists.txt:8 (add_executable)


CMake Error at D:/programs/vcpkg/scripts/buildsystems/vcpkg.cmake:598 (_add_executable):
  Cannot find source file:

    271A.cpp
Call Stack (most recent call first):
  prj.codeforces/CMakeLists.txt:9 (add_executable)


CMake Error at D:/programs/vcpkg/scripts/buildsystems/vcpkg.cmake:598 (_add_executable):
  Cannot find source file:

    276A.cpp
Call Stack (most recent call first):
  prj.codeforces/CMakeLists.txt:10 (add_executable)


CMake Error at D:/programs/vcpkg/scripts/buildsystems/vcpkg.cmake:598 (_add_executable):
  Cannot find source file:

    281A.cpp
Call Stack (most recent call first):
  prj.codeforces/CMakeLists.txt:11 (add_executable)


CMake Error at D:/programs/vcpkg/scripts/buildsystems/vcpkg.cmake:598 (_add_executable):
  Cannot find source file:

    339B.cpp
Call Stack (most recent call first):
  prj.codeforces/CMakeLists.txt:12 (add_executable)


CMake Error at D:/programs/vcpkg/scripts/buildsystems/vcpkg.cmake:598 (_add_executable):
  Cannot find source file:

    617A.cpp
Call Stack (most recent call first):
  prj.codeforces/CMakeLists.txt:13 (add_executable)


CMake Error at D:/programs/vcpkg/scripts/buildsystems/vcpkg.cmake:598 (_add_executable):
  Cannot find source file:

    791A.cpp
Call Stack (most recent call first):
  prj.codeforces/CMakeLists.txt:14 (add_executable)


CMake Error at D:/programs/vcpkg/scripts/buildsystems/vcpkg.cmake:598 (_add_executable):
  Cannot find source file:

    978A.cpp
Call Stack (most recent call first):
  prj.codeforces/CMakeLists.txt:15 (add_executable)


CMake Error at D:/programs/vcpkg/scripts/buildsystems/vcpkg.cmake:598 (_add_executable):
  Cannot find source file:

    1330A.cpp
Call Stack (most recent call first):
  prj.codeforces/CMakeLists.txt:16 (add_executable)


CMake Error at D:/programs/vcpkg/scripts/buildsystems/vcpkg.cmake:598 (_add_executable):
  Cannot find source file:

    1352A.cpp
Call Stack (most recent call first):
  prj.codeforces/CMakeLists.txt:17 (add_executable)


CMake Error at D:/programs/vcpkg/scripts/buildsystems/vcpkg.cmake:598 (_add_executable):
  Cannot find source file:

    1512C.cpp
Call Stack (most recent call first):
  prj.codeforces/CMakeLists.txt:18 (add_executable)


CMake Error at D:/programs/vcpkg/scripts/buildsystems/vcpkg.cmake:598 (_add_executable):
  Cannot find source file:

    (
Call Stack (most recent call first):
  prj.codeforces/CMakeLists.txt:19 (add_executable)


CMake Error at D:/programs/vcpkg/scripts/buildsystems/vcpkg.cmake:598 (_add_executable):
  Cannot find source file:

    1717B.cpp
Call Stack (most recent call first):
  prj.codeforces/CMakeLists.txt:20 (add_executable)


CMake Error at D:/programs/vcpkg/scripts/buildsystems/vcpkg.cmake:598 (_add_executable):
  Cannot find source file:

    1721B.cpp
Call Stack (most recent call first):
  prj.codeforces/CMakeLists.txt:21 (add_executable)


CMake Error at D:/programs/vcpkg/scripts/buildsystems/vcpkg.cmake:598 (_add_executable):
  Cannot find source file:

    1872A.cpp
Call Stack (most recent call first):
  prj.codeforces/CMakeLists.txt:22 (add_executable)


CMake Error at D:/programs/vcpkg/scripts/buildsystems/vcpkg.cmake:598 (_add_executable):
  Cannot find source file:

    1873C.cpp
Call Stack (most recent call first):
  prj.codeforces/CMakeLists.txt:23 (add_executable)


CMake Error at D:/programs/vcpkg/scripts/buildsystems/vcpkg.cmake:598 (_add_executable):
  Cannot find source file:

    1873D.cpp
Call Stack (most recent call first):
  prj.codeforces/CMakeLists.txt:24 (add_executable)


CMake Error at D:/programs/vcpkg/scripts/buildsystems/vcpkg.cmake:598 (_add_executable):
  No SOURCES given to target: 4A
Call Stack (most recent call first):
  prj.codeforces/CMakeLists.txt:3 (add_executable)


CMake Error at D:/programs/vcpkg/scripts/buildsystems/vcpkg.cmake:598 (_add_executable):
  No SOURCES given to target: 50A
Call Stack (most recent call first):
  prj.codeforces/CMakeLists.txt:4 (add_executable)


CMake Error at D:/programs/vcpkg/scripts/buildsystems/vcpkg.cmake:598 (_add_executable):
  No SOURCES given to target: 158A
Call Stack (most recent call first):
  prj.codeforces/CMakeLists.txt:5 (add_executable)


CMake Error at D:/programs/vcpkg/scripts/buildsystems/vcpkg.cmake:598 (_add_executable):
  No SOURCES given to target: 231A
Call Stack (most recent call first):
  prj.codeforces/CMakeLists.txt:6 (add_executable)


CMake Error at D:/programs/vcpkg/scripts/buildsystems/vcpkg.cmake:598 (_add_executable):
  No SOURCES given to target: 263A
Call Stack (most recent call first):
  prj.codeforces/CMakeLists.txt:7 (add_executable)


CMake Error at D:/programs/vcpkg/scripts/buildsystems/vcpkg.cmake:598 (_add_executable):
  No SOURCES given to target: 266A
Call Stack (most recent call first):
  prj.codeforces/CMakeLists.txt:8 (add_executable)


CMake Error at D:/programs/vcpkg/scripts/buildsystems/vcpkg.cmake:598 (_add_executable):
  No SOURCES given to target: 271A
Call Stack (most recent call first):
  prj.codeforces/CMakeLists.txt:9 (add_executable)


CMake Error at D:/programs/vcpkg/scripts/buildsystems/vcpkg.cmake:598 (_add_executable):
  No SOURCES given to target: 276A
Call Stack (most recent call first):
  prj.codeforces/CMakeLists.txt:10 (add_executable)


CMake Error at D:/programs/vcpkg/scripts/buildsystems/vcpkg.cmake:598 (_add_executable):
  No SOURCES given to target: 281A
Call Stack (most recent call first):
  prj.codeforces/CMakeLists.txt:11 (add_executable)


CMake Error at D:/programs/vcpkg/scripts/buildsystems/vcpkg.cmake:598 (_add_executable):
  No SOURCES given to target: 339B
Call Stack (most recent call first):
  prj.codeforces/CMakeLists.txt:12 (add_executable)


CMake Error at D:/programs/vcpkg/scripts/buildsystems/vcpkg.cmake:598 (_add_executable):
  No SOURCES given to target: 617A
Call Stack (most recent call first):
  prj.codeforces/CMakeLists.txt:13 (add_executable)


CMake Error at D:/programs/vcpkg/scripts/buildsystems/vcpkg.cmake:598 (_add_executable):
  No SOURCES given to target: 791A
Call Stack (most recent call first):
  prj.codeforces/CMakeLists.txt:14 (add_executable)


CMake Error at D:/programs/vcpkg/scripts/buildsystems/vcpkg.cmake:598 (_add_executable):
  No SOURCES given to target: 978A
Call Stack (most recent call first):
  prj.codeforces/CMakeLists.txt:15 (add_executable)


CMake Error at D:/programs/vcpkg/scripts/buildsystems/vcpkg.cmake:598 (_add_executable):
  No SOURCES given to target: 1330A
Call Stack (most recent call first):
  prj.codeforces/CMakeLists.txt:16 (add_executable)


CMake Error at D:/programs/vcpkg/scripts/buildsystems/vcpkg.cmake:598 (_add_executable):
  No SOURCES given to target: 1352A
Call Stack (most recent call first):
  prj.codeforces/CMakeLists.txt:17 (add_executable)


CMake Error at D:/programs/vcpkg/scripts/buildsystems/vcpkg.cmake:598 (_add_executable):
  No SOURCES given to target: 1512C
Call Stack (most recent call first):
  prj.codeforces/CMakeLists.txt:18 (add_executable)


CMake Error at D:/programs/vcpkg/scripts/buildsystems/vcpkg.cmake:598 (_add_executable):
  No SOURCES given to target: 1670B
Call Stack (most recent call first):
  prj.codeforces/CMakeLists.txt:19 (add_executable)


CMake Error at D:/programs/vcpkg/scripts/buildsystems/vcpkg.cmake:598 (_add_executable):
  No SOURCES given to target: 1717B
Call Stack (most recent call first):
  prj.codeforces/CMakeLists.txt:20 (add_executable)


CMake Error at D:/programs/vcpkg/scripts/buildsystems/vcpkg.cmake:598 (_add_executable):
  No SOURCES given to target: 1721B
Call Stack (most recent call first):
  prj.codeforces/CMakeLists.txt:21 (add_executable)


CMake Error at D:/programs/vcpkg/scripts/buildsystems/vcpkg.cmake:598 (_add_executable):
  No SOURCES given to target: 1872A
Call Stack (most recent call first):
  prj.codeforces/CMakeLists.txt:22 (add_executable)


CMake Error at D:/programs/vcpkg/scripts/buildsystems/vcpkg.cmake:598 (_add_executable):
  No SOURCES given to target: 1873C
Call Stack (most recent call first):
  prj.codeforces/CMakeLists.txt:23 (add_executable)


CMake Error at D:/programs/vcpkg/scripts/buildsystems/vcpkg.cmake:598 (_add_executable):
  No SOURCES given to target: 1873D
Call Stack (most recent call first):
  prj.codeforces/CMakeLists.txt:24 (add_executable)


CMake Generate step failed.  Build files cannot be regenerated correctly.
